<?xml version="1.0" encoding="utf-8"?><testsuites name="pytest tests"><testsuite name="pytest" errors="0" failures="0" skipped="0" tests="30" time="4.895" timestamp="2026-04-25T21:36:58.136580+00:00" hostname="agent-env-9201703f-8b69-4250-9bda-4ecb1cec171f"><testcase classname="tests.test_equipment.TestHealthAndAuth" name="test_health" time="0.307" /><testcase classname="tests.test_equipment.TestHealthAndAuth" name="test_admin_login_works" time="0.354" /><testcase classname="tests.test_equipment.TestHealthAndAuth" name="test_admin_login_invalid" time="0.334" /><testcase classname="tests.test_equipment.TestEquipmentAuth" name="test_create_without_token_401" time="0.110" /><testcase classname="tests.test_equipment.TestEquipmentAuth" name="test_create_as_foreman_403" time="0.235" /><testcase classname="tests.test_equipment.TestEquipmentAuth" name="test_create_missing_name_returns_4xx" time="0.115" /><testcase classname="tests.test_equipment.TestEquipmentAuth" name="test_create_empty_name_returns_400" time="0.121" /><testcase classname="tests.test_equipment.TestEquipmentAuth" name="test_list_without_token_401" time="0.102" /><testcase classname="tests.test_equipment.TestEquipmentCRUD" name="test_create_equipment_minimal" time="0.108" /><testcase classname="tests.test_equipment.TestEquipmentCRUD" name="test_create_equipment_full_payload" time="0.109" /><testcase classname="tests.test_equipment.TestEquipmentCRUD" name="test_get_after_create_persisted" time="0.104" /><testcase classname="tests.test_equipment.TestEquipmentCRUD" name="test_list_filter_by_status_uszkodzony" time="0.124" /><testcase classname="tests.test_equipment.TestEquipmentCRUD" name="test_list_foreman_can_view" time="0.105" /><testcase classname="tests.test_equipment.TestEquipmentCRUD" name="test_update_equipment" time="0.239" /><testcase classname="tests.test_equipment.TestEquipmentCRUD" name="test_update_nonexistent_returns_404" time="0.107" /><testcase classname="tests.test_equipment.TestEquipmentCRUD" name="test_update_as_foreman_403" time="0.111" /><testcase classname="tests.test_equipment.TestEquipmentCRUD" name="test_assign_to_employee" time="0.219" /><testcase classname="tests.test_equipment.TestEquipmentCRUD" name="test_assign_to_site" time="0.214" /><testcase classname="tests.test_equipment.TestEquipmentCRUD" name="test_assign_return_to_warehouse" time="0.128" /><testcase classname="tests.test_equipment.TestEquipmentCRUD" name="test_assign_nonexistent_404" time="0.107" /><testcase classname="tests.test_equipment.TestEquipmentCRUD" name="test_delete_equipment" time="0.323" /><testcase classname="tests.test_equipment.TestEquipmentCRUD" name="test_delete_nonexistent_404" time="0.113" /><testcase classname="tests.test_equipment.TestEquipmentCRUD" name="test_delete_as_foreman_403" time="0.102" /><testcase classname="tests.test_equipment.TestExistingEndpointsRegression" name="test_employees_list" time="0.167" /><testcase classname="tests.test_equipment.TestExistingEndpointsRegression" name="test_sites_list" time="0.119" /><testcase classname="tests.test_equipment.TestExistingEndpointsRegression" name="test_hours_list" time="0.171" /><testcase classname="tests.test_equipment.TestExistingEndpointsRegression" name="test_requests_list" time="0.106" /><testcase classname="tests.test_equipment.TestExistingEndpointsRegression" name="test_assignments_list" time="0.115" /><testcase classname="tests.test_equipment.TestExistingEndpointsRegression" name="test_sync_logs" time="0.111" /><testcase classname="tests.test_equipment.TestExistingEndpointsRegression" name="test_reports_monthly" time="0.118" /></testsuite></testsuites>