<?xml version="1.0" encoding="utf-8"?><testsuites name="pytest tests"><testsuite name="pytest" errors="0" failures="0" skipped="0" tests="15" time="5.559" timestamp="2026-06-07T20:54:50.999030+00:00" hostname="agent-env-5429f011-1d86-40b9-9e13-4d4f5917bfe7"><testcase classname="backend.tests.test_iter93_equipment_integrity.TestListEquipmentFields" name="test_new_fields_present_for_all" time="0.543" /><testcase classname="backend.tests.test_iter93_equipment_integrity.TestListEquipmentFields" name="test_known_overassigned_detected" time="0.104" /><testcase classname="backend.tests.test_iter93_equipment_integrity.TestPendingReservesStock" name="test_pending_reduces_available" time="0.566" /><testcase classname="backend.tests.test_iter93_equipment_integrity.TestSingleEquipment" name="test_single_returns_new_fields" time="0.278" /><testcase classname="backend.tests.test_iter93_equipment_integrity.TestTransferRejectionMessage" name="test_rejects_when_pending_consumes_stock" time="0.485" /><testcase classname="backend.tests.test_iter93_equipment_integrity.TestCancelTransfer" name="test_cancel_pending_frees_stock" time="0.594" /><testcase classname="backend.tests.test_iter93_equipment_integrity.TestCancelTransfer" name="test_cancel_already_cancelled_returns_400" time="0.472" /><testcase classname="backend.tests.test_iter93_equipment_integrity.TestCancelTransfer" name="test_cancel_nonexistent_returns_404" time="0.101" /><testcase classname="backend.tests.test_iter93_equipment_integrity.TestIntegrityEndpoint" name="test_integrity_returns_expected_structure" time="0.096" /><testcase classname="backend.tests.test_iter93_equipment_integrity.TestIntegrityEndpoint" name="test_known_overassigned_in_list" time="0.087" /><testcase classname="backend.tests.test_iter93_equipment_integrity.TestIntegrityEndpoint" name="test_integrity_requires_admin" time="0.090" /><testcase classname="backend.tests.test_iter93_equipment_integrity.TestIntegrityRepair" name="test_repair_cleanup_orphans_only" time="0.084" /><testcase classname="backend.tests.test_iter93_equipment_integrity.TestIntegrityRepair" name="test_repair_cancel_stuck_transfers" time="0.105" /><testcase classname="backend.tests.test_iter93_equipment_integrity.TestSetAssignmentValidation" name="test_assign_respects_pending" time="0.747" /><testcase classname="backend.tests.test_iter93_equipment_integrity.TestAcceptTransferFlow" name="test_accept_moves_pending_to_assigned" time="1.119" /></testsuite></testsuites>