<?xml version="1.0" encoding="utf-8"?><testsuites name="pytest tests"><testsuite name="pytest" errors="0" failures="0" skipped="0" tests="12" time="2.751" timestamp="2026-05-29T13:23:54.140707+00:00" hostname="agent-env-5429f011-1d86-40b9-9e13-4d4f5917bfe7"><testcase classname="backend.tests.test_iter95av_gus_logo_exports.TestGus" name="test_gus_unauthorized" time="0.180" /><testcase classname="backend.tests.test_iter95av_gus_logo_exports.TestGus" name="test_gus_invalid_nip_short" time="0.465" /><testcase classname="backend.tests.test_iter95av_gus_logo_exports.TestGus" name="test_gus_valid_nip" time="0.613" /><testcase classname="backend.tests.test_iter95av_gus_logo_exports.TestWycenaExports" name="test_wycena_pdf_full" time="0.287" /><testcase classname="backend.tests.test_iter95av_gus_logo_exports.TestWycenaExports" name="test_wycena_pdf_client" time="0.133" /><testcase classname="backend.tests.test_iter95av_gus_logo_exports.TestWycenaExports" name="test_wycena_xlsx_full_has_logo" time="0.310" /><testcase classname="backend.tests.test_iter95av_gus_logo_exports.TestWycenaExports" name="test_wycena_xlsx_client_has_logo" time="0.108" /><testcase classname="backend.tests.test_iter95av_gus_logo_exports.TestBomExports" name="test_bom_pdf_has_logo" time="0.146" /><testcase classname="backend.tests.test_iter95av_gus_logo_exports.TestBomExports" name="test_bom_xlsx_has_logo" time="0.111" /><testcase classname="backend.tests.test_iter95av_gus_logo_exports.TestRegression" name="test_clients_list" time="0.084" /><testcase classname="backend.tests.test_iter95av_gus_logo_exports.TestRegression" name="test_wycena_snapshots" time="0.126" /><testcase classname="backend.tests.test_iter95av_gus_logo_exports.TestRegression" name="test_wycena_negotiation" time="0.091" /></testsuite></testsuites>