<?xml version="1.0" encoding="utf-8"?><testsuites name="pytest tests"><testsuite name="pytest" errors="0" failures="2" skipped="0" tests="8" time="3.477" timestamp="2026-05-31T07:24:41.318834+00:00" hostname="agent-env-5429f011-1d86-40b9-9e13-4d4f5917bfe7"><testcase classname="backend.tests.test_iter95y_finance_budowa_color" name="test_create_budowa_with_color_saves_in_finance" time="0.635" /><testcase classname="backend.tests.test_iter95y_finance_budowa_color" name="test_create_budowa_propagates_color_to_sites" time="0.205" /><testcase classname="backend.tests.test_iter95y_finance_budowa_color" name="test_list_budowy_returns_color_field" time="0.091"><failure message="AssertionError: Budowa 589dc3b6-3cd9-4e49-9820-0c12fd0f2648 missing 'color' key (legacy budowy must also expose color=None)&#10;assert 'color' in {'code': '', 'created_at': '2026-05-26T12:15:44.675642', 'created_by': '4a02b4e2-2dc3-418c-8851-133147d76f26', 'has_budget': True, ...}">backend/tests/test_iter95y_finance_budowa_color.py:132: in test_list_budowy_returns_color_field
    assert "color" in b, f"Budowa {b.get('id')} missing 'color' key (legacy budowy must also expose color=None)"
E   AssertionError: Budowa 589dc3b6-3cd9-4e49-9820-0c12fd0f2648 missing 'color' key (legacy budowy must also expose color=None)
E   assert 'color' in {'code': '', 'created_at': '2026-05-26T12:15:44.675642', 'created_by': '4a02b4e2-2dc3-418c-8851-133147d76f26', 'has_budget': True, ...}</failure></testcase><testcase classname="backend.tests.test_iter95y_finance_budowa_color" name="test_update_budowa_color_propagates_to_sites" time="0.374" /><testcase classname="backend.tests.test_iter95y_finance_budowa_color" name="test_update_budowa_color_null_clears_both" time="0.347"><failure message="Failed: PUT color=null did NOT clear finance_budowy.color (still '#FF5733'). Backend update_budowa filters out None via 'v is not None' - clearing is broken.">backend/tests/test_iter95y_finance_budowa_color.py:204: in test_update_budowa_color_null_clears_both
    pytest.fail(
E   Failed: PUT color=null did NOT clear finance_budowy.color (still '#FF5733'). Backend update_budowa filters out None via 'v is not None' - clearing is broken.</failure></testcase><testcase classname="backend.tests.test_iter95y_finance_budowa_color" name="test_create_budowa_without_color" time="0.113" /><testcase classname="backend.tests.test_iter95y_finance_budowa_color" name="test_create_budowa_no_sync_when_show_in_hours_false" time="0.184" /><testcase classname="backend.tests.test_iter95y_finance_budowa_color" name="test_get_sites_projection_includes_color" time="1.410" /></testsuite></testsuites>