<?xml version="1.0" encoding="utf-8"?><testsuites name="pytest tests"><testsuite name="pytest" errors="0" failures="0" skipped="0" tests="2" time="4.646" timestamp="2026-06-02T11:47:27.468877+00:00" hostname="agent-env-5429f011-1d86-40b9-9e13-4d4f5917bfe7"><testcase classname="backend.tests.test_iter95cu_wyceny_ai_polish.TestWycenyAiPolishLLM" name="test_polish_messy_name" time="3.187" /><testcase classname="backend.tests.test_iter95cu_wyceny_ai_polish.TestWycenyAiPolishLLM" name="test_polish_description_kind" time="1.378" /></testsuite></testsuites>