<?xml version="1.0" encoding="utf-8"?><testsuites name="pytest tests"><testsuite name="pytest" errors="0" failures="0" skipped="0" tests="17" time="2.780" timestamp="2026-05-31T17:02:54.128757+00:00" hostname="agent-env-5429f011-1d86-40b9-9e13-4d4f5917bfe7"><testcase classname="backend.tests.test_iter95bm_negotiation_mode.TestNegotiationModeFlag" name="test_set_negotiation_true" time="0.822" /><testcase classname="backend.tests.test_iter95bm_negotiation_mode.TestNegotiationModeFlag" name="test_set_negotiation_false" time="0.096" /><testcase classname="backend.tests.test_iter95bm_negotiation_mode.TestAutoPriceMinOnCreate" name="test_materials_no_price_book_first_price_becomes_min" time="0.049" /><testcase classname="backend.tests.test_iter95bm_negotiation_mode.TestAutoPriceMinOnCreate" name="test_equipment_no_price_book_first_price_becomes_min" time="0.049" /><testcase classname="backend.tests.test_iter95bm_negotiation_mode.TestAutoPriceMinOnCreate" name="test_materials_with_price_book_takes_max" time="0.051" /><testcase classname="backend.tests.test_iter95bm_negotiation_mode.TestAutoPriceMinOnCreate" name="test_labor_copies_min_max_from_book" time="0.051" /><testcase classname="backend.tests.test_iter95bm_negotiation_mode.TestNegotiationModeValidation" name="test_block_below_min_when_neg_mode_true" time="0.218" /><testcase classname="backend.tests.test_iter95bm_negotiation_mode.TestNegotiationModeValidation" name="test_allow_below_min_when_neg_mode_false" time="0.204" /><testcase classname="backend.tests.test_iter95bm_negotiation_mode.TestNegotiationModeValidation" name="test_allow_below_min_with_accepted_flag" time="0.303" /><testcase classname="backend.tests.test_iter95bm_negotiation_mode.TestPriceBookOnUpdate" name="test_patch_price_book_id_materials_copies_max_min" time="0.168" /><testcase classname="backend.tests.test_iter95bm_negotiation_mode.TestSmokeRegression" name="test_list_wyceny" time="0.048" /><testcase classname="backend.tests.test_iter95bm_negotiation_mode.TestSmokeRegression" name="test_list_cennik" time="0.058" /><testcase classname="backend.tests.test_iter95bm_negotiation_mode.TestSmokeRegression" name="test_get_template_for_ref_wycena" time="0.054" /><testcase classname="backend.tests.test_iter95bm_negotiation_mode.TestSmokeRegression" name="test_update_position" time="0.048" /><testcase classname="backend.tests.test_iter95bm_negotiation_mode.TestSmokeRegression" name="test_update_stage" time="0.049" /><testcase classname="backend.tests.test_iter95bm_negotiation_mode.TestSmokeRegression" name="test_delete_line" time="0.126" /><testcase classname="backend.tests.test_iter95bm_negotiation_mode.TestZRestoreRefWycena" name="test_restore_ref_wycena_negotiation_false" time="0.300" /></testsuite></testsuites>