<?xml version="1.0" encoding="utf-8"?><testsuites name="pytest tests"><testsuite name="pytest" errors="0" failures="0" skipped="0" tests="27" time="6.557" timestamp="2026-05-29T19:36:32.201681+00:00" hostname="agent-env-5429f011-1d86-40b9-9e13-4d4f5917bfe7"><testcase classname="backend.tests.test_iter95bb_regression" name="test_admin_login_returns_token" time="0.367" /><testcase classname="backend.tests.test_iter95bb_regression" name="test_health" time="0.080" /><testcase classname="backend.tests.test_iter95bb_regression" name="test_gus_lookup" time="0.959" /><testcase classname="backend.tests.test_iter95bb_regression" name="test_perf_endpoint[/api/wyceny-300]" time="0.380" /><testcase classname="backend.tests.test_iter95bb_regression" name="test_perf_endpoint[/api/foremen-300]" time="0.395" /><testcase classname="backend.tests.test_iter95bb_regression" name="test_perf_endpoint[/api/finance/budowy-400]" time="0.399" /><testcase classname="backend.tests.test_iter95bb_regression" name="test_perf_endpoint[/api/finance/zapisy-400]" time="0.623" /><testcase classname="backend.tests.test_iter95bb_regression" name="test_perf_endpoint[/api/sites-300]" time="0.434" /><testcase classname="backend.tests.test_iter95bb_regression" name="test_perf_endpoint[/api/employees-300]" time="0.357" /><testcase classname="backend.tests.test_iter95bb_regression" name="test_perf_endpoint[/api/notifications-400]" time="0.380" /><testcase classname="backend.tests.test_iter95bb_regression" name="test_finance_endpoints[/api/finance/budowy]" time="0.094" /><testcase classname="backend.tests.test_iter95bb_regression" name="test_finance_endpoints[/api/finance/zapisy]" time="0.143" /><testcase classname="backend.tests.test_iter95bb_regression" name="test_finance_endpoints[/api/finance/invoices]" time="0.191" /><testcase classname="backend.tests.test_iter95bb_regression" name="test_finance_endpoints[/api/finance/kody]" time="0.109" /><testcase classname="backend.tests.test_iter95bb_regression" name="test_budget_budowy" time="0.310" /><testcase classname="backend.tests.test_iter95bb_regression" name="test_foremen_non_empty" time="0.120" /><testcase classname="backend.tests.test_iter95bb_regression" name="test_tab_endpoint_ok[/api/sites]" time="0.083" /><testcase classname="backend.tests.test_iter95bb_regression" name="test_tab_endpoint_ok[/api/employees]" time="0.093" /><testcase classname="backend.tests.test_iter95bb_regression" name="test_tab_endpoint_ok[/api/equipment]" time="0.090" /><testcase classname="backend.tests.test_iter95bb_regression" name="test_tab_endpoint_ok[/api/equipment/catalog]" time="0.093" /><testcase classname="backend.tests.test_iter95bb_regression" name="test_tab_endpoint_ok[/api/clothing/types]" time="0.161" /><testcase classname="backend.tests.test_iter95bb_regression" name="test_tab_endpoint_ok[/api/clothing/orders]" time="0.095" /><testcase classname="backend.tests.test_iter95bb_regression" name="test_tab_endpoint_ok[/api/bhp/items]" time="0.102" /><testcase classname="backend.tests.test_iter95bb_regression" name="test_tab_endpoint_ok[/api/bhp/issuances]" time="0.129" /><testcase classname="backend.tests.test_iter95bb_regression" name="test_tab_endpoint_ok[/api/warehouse/materials]" time="0.083" /><testcase classname="backend.tests.test_iter95bb_regression" name="test_tab_endpoint_ok[/api/wyceny]" time="0.090" /><testcase classname="backend.tests.test_iter95bb_regression" name="test_tab_endpoint_ok[/api/notifications]" time="0.096" /></testsuite></testsuites>