<?xml version="1.0" encoding="utf-8"?><testsuites name="pytest tests"><testsuite name="pytest" errors="0" failures="1" skipped="0" tests="14" time="2.506" timestamp="2026-05-31T07:10:24.051008+00:00" hostname="agent-env-5429f011-1d86-40b9-9e13-4d4f5917bfe7"><testcase classname="backend.tests.test_iter95x_scope_templates_color.TestScopeTemplates" name="test_get_initial" time="0.445" /><testcase classname="backend.tests.test_iter95x_scope_templates_color.TestScopeTemplates" name="test_put_save_and_uuid_assigned" time="0.159" /><testcase classname="backend.tests.test_iter95x_scope_templates_color.TestScopeTemplates" name="test_put_deduplicates_default" time="0.120" /><testcase classname="backend.tests.test_iter95x_scope_templates_color.TestScopeTemplates" name="test_put_preserves_existing_id" time="0.167" /><testcase classname="backend.tests.test_iter95x_scope_templates_color.TestScopeTemplates" name="test_foreman_get_forbidden" time="0.417" /><testcase classname="backend.tests.test_iter95x_scope_templates_color.TestScopeTemplates" name="test_foreman_put_forbidden" time="0.097" /><testcase classname="backend.tests.test_iter95x_scope_templates_color.TestScopeTemplates" name="test_cleanup_templates" time="0.087" /><testcase classname="backend.tests.test_iter95x_scope_templates_color.TestSitesColor" name="test_create_site_with_color" time="0.114" /><testcase classname="backend.tests.test_iter95x_scope_templates_color.TestSitesColor" name="test_get_sites_returns_color" time="0.124" /><testcase classname="backend.tests.test_iter95x_scope_templates_color.TestSitesColor" name="test_update_color_hex" time="0.226" /><testcase classname="backend.tests.test_iter95x_scope_templates_color.TestSitesColor" name="test_update_color_null_clears" time="0.172"><failure message="AssertionError: expected color cleared to None, got '#3F5235'&#10;assert '#3F5235' is None">backend/tests/test_iter95x_scope_templates_color.py:234: in test_update_color_null_clears
    assert site["color"] is None, f"expected color cleared to None, got {site['color']!r}"
E   AssertionError: expected color cleared to None, got '#3F5235'
E   assert '#3F5235' is None</failure></testcase><testcase classname="backend.tests.test_iter95x_scope_templates_color.TestSitesColor" name="test_foreman_post_site_forbidden" time="0.082" /><testcase classname="backend.tests.test_iter95x_scope_templates_color.TestSitesColor" name="test_foreman_put_site_forbidden" time="0.092" /><testcase classname="backend.tests.test_iter95x_scope_templates_color.TestSitesColor" name="test_cleanup_site" time="0.085" /></testsuite></testsuites>