<?xml version="1.0" encoding="utf-8"?><testsuites name="pytest tests"><testsuite name="pytest" errors="0" failures="0" skipped="0" tests="12" time="2.334" timestamp="2026-05-31T09:09:32.279576+00:00" hostname="agent-env-5429f011-1d86-40b9-9e13-4d4f5917bfe7"><testcase classname="backend.tests.test_iter95bd_wyceny_price.TestPriceMinMax" name="test_set_price_min_max" time="0.810" /><testcase classname="backend.tests.test_iter95bd_wyceny_price.TestPriceMinMax" name="test_clear_price_min_with_null" time="0.110" /><testcase classname="backend.tests.test_iter95bd_wyceny_price.TestPriceMinMax" name="test_reset_price_min_for_history_tests" time="0.056" /><testcase classname="backend.tests.test_iter95bd_wyceny_price.TestPriceChangeHistory" name="test_first_price_change_records_history" time="0.106" /><testcase classname="backend.tests.test_iter95bd_wyceny_price.TestPriceChangeHistory" name="test_below_min_change_flags_below_min" time="0.118" /><testcase classname="backend.tests.test_iter95bd_wyceny_price.TestPriceChangeHistory" name="test_history_grows_on_each_change" time="0.259" /><testcase classname="backend.tests.test_iter95bd_wyceny_price.TestCenaRounding" name="test_build_wycena_export_returns_rounded_cena" time="0.284" /><testcase classname="backend.tests.test_iter95bd_wyceny_price.TestSmoke" name="test_list_wyceny" time="0.050" /><testcase classname="backend.tests.test_iter95bd_wyceny_price.TestSmoke" name="test_scope_templates_get" time="0.052" /><testcase classname="backend.tests.test_iter95bd_wyceny_price.TestSmoke" name="test_create_update_position" time="0.056" /><testcase classname="backend.tests.test_iter95bd_wyceny_price.TestSmoke" name="test_update_stage" time="0.058" /><testcase classname="backend.tests.test_iter95bd_wyceny_price.TestSmoke" name="test_export_xlsx" time="0.275" /></testsuite></testsuites>