<?xml version="1.0" encoding="utf-8"?><testsuites name="pytest tests"><testsuite name="pytest" errors="0" failures="0" skipped="0" tests="10" time="2.861" timestamp="2026-05-16T22:24:50.150594+00:00" hostname="agent-env-5429f011-1d86-40b9-9e13-4d4f5917bfe7"><testcase classname="backend.tests.test_iter35_payroll_auto.TestPayrollAutoAdvancesPenalties" name="test_01_initial_payroll_row_has_auto_fields_zero" time="0.685" /><testcase classname="backend.tests.test_iter35_payroll_auto.TestPayrollAutoAdvancesPenalties" name="test_02_create_advance_reflects_in_payroll" time="0.210" /><testcase classname="backend.tests.test_iter35_payroll_auto.TestPayrollAutoAdvancesPenalties" name="test_03_multiple_advances_summed" time="0.166" /><testcase classname="backend.tests.test_iter35_payroll_auto.TestPayrollAutoAdvancesPenalties" name="test_04_create_penalty_reflects_in_payroll" time="0.227" /><testcase classname="backend.tests.test_iter35_payroll_auto.TestPayrollAutoAdvancesPenalties" name="test_05_payout_formula" time="0.087" /><testcase classname="backend.tests.test_iter35_payroll_auto.TestPayrollAutoAdvancesPenalties" name="test_06_put_without_legacy_fields_ok" time="0.088" /><testcase classname="backend.tests.test_iter35_payroll_auto.TestPayrollAutoAdvancesPenalties" name="test_07_put_with_legacy_fields_tolerated" time="0.168" /><testcase classname="backend.tests.test_iter35_payroll_auto.TestPayrollAutoAdvancesPenalties" name="test_08_pdf_report_generated" time="0.121" /><testcase classname="backend.tests.test_iter35_payroll_auto.TestPayrollAutoAdvancesPenalties" name="test_09_pdf_cards_generated" time="0.108" /><testcase classname="backend.tests.test_iter35_payroll_auto.TestRegressionIter34" name="test_lock_unlock_cycle" time="0.911" /></testsuite></testsuites>