<?xml version="1.0" encoding="utf-8"?><testsuites name="pytest tests"><testsuite name="pytest" errors="0" failures="0" skipped="0" tests="13" time="3.441" timestamp="2026-05-31T05:27:06.880468+00:00" hostname="agent-env-5429f011-1d86-40b9-9e13-4d4f5917bfe7"><testcase classname="backend.tests.test_iter95v_wyceny_excel_import.TestPreview" name="test_admin_only" time="0.146" /><testcase classname="backend.tests.test_iter95v_wyceny_excel_import.TestPreview" name="test_preview_ok" time="0.566" /><testcase classname="backend.tests.test_iter95v_wyceny_excel_import.TestPreview" name="test_preview_with_data_uri_prefix" time="0.090" /><testcase classname="backend.tests.test_iter95v_wyceny_excel_import.TestPreview" name="test_preview_specific_sheet" time="0.095" /><testcase classname="backend.tests.test_iter95v_wyceny_excel_import.TestPreview" name="test_preview_empty_file" time="0.086" /><testcase classname="backend.tests.test_iter95v_wyceny_excel_import.TestPreview" name="test_preview_invalid_base64" time="0.089" /><testcase classname="backend.tests.test_iter95v_wyceny_excel_import.TestApply" name="test_admin_only" time="0.250" /><testcase classname="backend.tests.test_iter95v_wyceny_excel_import.TestApply" name="test_apply_404_unknown_wycena" time="0.094" /><testcase classname="backend.tests.test_iter95v_wyceny_excel_import.TestApply" name="test_apply_full_flow" time="0.345" /><testcase classname="backend.tests.test_iter95v_wyceny_excel_import.TestApply" name="test_apply_auto_default_stage" time="0.387" /><testcase classname="backend.tests.test_iter95v_wyceny_excel_import.TestApply" name="test_apply_skip_and_empty_name" time="0.258" /><testcase classname="backend.tests.test_iter95v_wyceny_excel_import.TestApply" name="test_apply_optional_cols_none_no_crash" time="0.348" /><testcase classname="backend.tests.test_iter95v_wyceny_excel_import.TestApply" name="test_apply_append_to_existing_stages" time="0.428" /></testsuite></testsuites>