<?xml version="1.0" encoding="utf-8"?><testsuites name="pytest tests"><testsuite name="pytest" errors="0" failures="0" skipped="0" tests="14" time="4.942" timestamp="2026-04-08T14:39:34.476420+00:00" hostname="agent-env-42d22b61-069b-41b3-832b-ef80c04a2ff5"><testcase classname="tests.test_fegrro_api.TestHealthCheck" name="test_health_endpoint" time="0.258" /><testcase classname="tests.test_fegrro_api.TestAdminAuthentication" name="test_admin_login_success" time="0.361" /><testcase classname="tests.test_fegrro_api.TestAdminAuthentication" name="test_admin_login_invalid_credentials" time="0.378" /><testcase classname="tests.test_fegrro_api.TestAdminAuthentication" name="test_admin_login_nonexistent_user" time="0.142" /><testcase classname="tests.test_fegrro_api.TestEmployeesAPI" name="test_get_employees_list" time="0.512" /><testcase classname="tests.test_fegrro_api.TestEmployeesAPI" name="test_get_employees_without_auth" time="0.105" /><testcase classname="tests.test_fegrro_api.TestSitesAPI" name="test_get_sites_list" time="0.484" /><testcase classname="tests.test_fegrro_api.TestHoursAPI" name="test_get_hours_list" time="0.434" /><testcase classname="tests.test_fegrro_api.TestHoursAPI" name="test_get_hours_with_date_filter" time="0.495" /><testcase classname="tests.test_fegrro_api.TestAssignmentsAPI" name="test_get_assignments_list" time="0.454" /><testcase classname="tests.test_fegrro_api.TestAssignmentsAPI" name="test_get_assignments_with_month_filter" time="0.461" /><testcase classname="tests.test_fegrro_api.TestRequestsAPI" name="test_get_pending_requests" time="0.456" /><testcase classname="tests.test_fegrro_api.TestWorkerRegistration" name="test_worker_register_new" time="0.103" /><testcase classname="tests.test_fegrro_api.TestWorkerRegistration" name="test_worker_register_existing" time="0.209" /></testsuite></testsuites>