<?xml version="1.0" encoding="utf-8"?><testsuites name="pytest tests"><testsuite name="pytest" errors="0" failures="0" skipped="0" tests="17" time="8.474" timestamp="2026-04-08T16:01:14.156525+00:00" hostname="agent-env-42d22b61-069b-41b3-832b-ef80c04a2ff5"><testcase classname="backend.tests.test_foreman_flow.TestForemanRegistration" name="test_foreman_registration_new_user" time="0.266" /><testcase classname="backend.tests.test_foreman_flow.TestForemanRegistration" name="test_foreman_registration_returns_existing_user" time="0.261" /><testcase classname="backend.tests.test_foreman_flow.TestForemanRegistration" name="test_foreman_registration_returns_jwt_token" time="0.286" /><testcase classname="backend.tests.test_foreman_flow.TestAdminForemanManagement" name="test_admin_can_list_foremen" time="0.511" /><testcase classname="backend.tests.test_foreman_flow.TestAdminForemanManagement" name="test_pending_foremen_have_pending_status" time="0.619" /><testcase classname="backend.tests.test_foreman_flow.TestAdminForemanManagement" name="test_admin_can_assign_sites_to_foreman" time="0.794" /><testcase classname="backend.tests.test_foreman_flow.TestForemanHoursRestrictions" name="test_foreman_can_edit_today" time="0.850" /><testcase classname="backend.tests.test_foreman_flow.TestForemanHoursRestrictions" name="test_foreman_can_edit_yesterday" time="0.789" /><testcase classname="backend.tests.test_foreman_flow.TestForemanHoursRestrictions" name="test_foreman_cannot_edit_past_dates" time="0.890" /><testcase classname="backend.tests.test_foreman_flow.TestForemanHoursRestrictions" name="test_foreman_cannot_edit_future_dates" time="0.472" /><testcase classname="backend.tests.test_foreman_flow.TestForemanRequestSystem" name="test_foreman_can_create_request" time="0.825" /><testcase classname="backend.tests.test_foreman_flow.TestForemanRequestSystem" name="test_admin_can_see_foreman_requests" time="0.602" /><testcase classname="backend.tests.test_foreman_flow.TestForemanDashboardData" name="test_foreman_me_endpoint" time="0.262" /><testcase classname="backend.tests.test_foreman_flow.TestForemanDashboardData" name="test_foreman_can_get_employees" time="0.218" /><testcase classname="backend.tests.test_foreman_flow.TestForemanDashboardData" name="test_foreman_can_get_sites" time="0.225" /><testcase classname="backend.tests.test_foreman_flow.TestForemanDashboardData" name="test_foreman_can_get_assignments" time="0.259" /><testcase classname="backend.tests.test_foreman_flow.TestForemanDashboardData" name="test_foreman_can_get_hours" time="0.243" /></testsuite></testsuites>