<?xml version="1.0" encoding="utf-8"?><testsuites name="pytest tests"><testsuite name="pytest" errors="0" failures="0" skipped="0" tests="16" time="3.336" timestamp="2026-05-30T20:29:48.398920+00:00" hostname="agent-env-5429f011-1d86-40b9-9e13-4d4f5917bfe7"><testcase classname="backend.tests.test_iter95t_schedule.TestAuth" name="test_admin_login" time="0.447" /><testcase classname="backend.tests.test_iter95t_schedule.TestAuth" name="test_foreman_login" time="0.318" /><testcase classname="backend.tests.test_iter95t_schedule.TestAuth" name="test_admin_login_endpoint_is_correct" time="0.329" /><testcase classname="backend.tests.test_iter95t_schedule.TestMySchedule" name="test_admin_my_schedule_returns_rows" time="0.092" /><testcase classname="backend.tests.test_iter95t_schedule.TestMySchedule" name="test_my_schedule_has_budowa_name_field" time="0.111" /><testcase classname="backend.tests.test_iter95t_schedule.TestMySchedule" name="test_foreman_my_schedule_filters_by_assigned_sites" time="0.112" /><testcase classname="backend.tests.test_iter95t_schedule.TestMySchedule" name="test_days_ahead_validation" time="0.096" /><testcase classname="backend.tests.test_iter95t_schedule.TestTaskUpdatePermissions" name="test_foreman_can_set_actual_end_date_today" time="0.184" /><testcase classname="backend.tests.test_iter95t_schedule.TestTaskUpdatePermissions" name="test_foreman_cannot_set_future_actual_end_date" time="0.099" /><testcase classname="backend.tests.test_iter95t_schedule.TestTaskUpdatePermissions" name="test_foreman_cannot_set_forbidden_fields" time="0.094" /><testcase classname="backend.tests.test_iter95t_schedule.TestTaskUpdatePermissions" name="test_foreman_can_set_end_date" time="0.100" /><testcase classname="backend.tests.test_iter95t_schedule.TestTaskUpdatePermissions" name="test_clear_actual_end_date_flag" time="0.289" /><testcase classname="backend.tests.test_iter95t_schedule.TestForeignTaskAccess" name="test_foreman_cannot_edit_task_outside_assigned_sites" time="0.196" /><testcase classname="backend.tests.test_iter95t_schedule.TestAdminTaskUpdate" name="test_admin_future_actual_end_date_rejected" time="0.269" /><testcase classname="backend.tests.test_iter95t_schedule.TestAdminTaskUpdate" name="test_admin_today_actual_end_date_ok" time="0.177" /><testcase classname="backend.tests.test_iter95t_schedule.TestCronFn" name="test_cron_schedule_notify_foremen_runs" time="0.335" /></testsuite></testsuites>