<?xml version="1.0" encoding="utf-8"?><testsuites name="pytest tests"><testsuite name="pytest" errors="0" failures="0" skipped="0" tests="10" time="2.663" timestamp="2026-05-06T08:28:13.780615+00:00" hostname="agent-env-5429f011-1d86-40b9-9e13-4d4f5917bfe7"><testcase classname="backend.tests.test_inventory_check" name="test_start_inventory_each_category[electronics]" time="0.577" /><testcase classname="backend.tests.test_inventory_check" name="test_start_inventory_each_category[accessories]" time="0.114" /><testcase classname="backend.tests.test_inventory_check" name="test_start_inventory_each_category[formwork]" time="0.109" /><testcase classname="backend.tests.test_inventory_check" name="test_start_invalid_category_400" time="0.118" /><testcase classname="backend.tests.test_inventory_check" name="test_list_inventory_admin" time="0.110" /><testcase classname="backend.tests.test_inventory_check" name="test_finish_inventory" time="0.308" /><testcase classname="backend.tests.test_inventory_check" name="test_finish_unknown_404" time="0.109" /><testcase classname="backend.tests.test_inventory_check" name="test_starting_new_closes_previous_for_same_category" time="0.323" /><testcase classname="backend.tests.test_inventory_check" name="test_active_for_me_returns_equipment" time="0.467" /><testcase classname="backend.tests.test_inventory_check" name="test_confirm_then_active_for_me_empty" time="0.367" /></testsuite></testsuites>