<?xml version="1.0" encoding="utf-8"?><testsuites name="pytest tests"><testsuite name="pytest" errors="0" failures="1" skipped="0" tests="40" time="54.868" timestamp="2026-04-10T12:41:48.017360+00:00" hostname="agent-env-42d22b61-069b-41b3-832b-ef80c04a2ff5"><testcase classname="tests.test_backend_refactor.TestHealthAndAuth" name="test_health_check" time="0.220" /><testcase classname="tests.test_backend_refactor.TestHealthAndAuth" name="test_admin_login_success" time="0.347" /><testcase classname="tests.test_backend_refactor.TestHealthAndAuth" name="test_admin_login_invalid_credentials" time="0.125" /><testcase classname="tests.test_backend_refactor.TestHealthAndAuth" name="test_get_me_authenticated" time="0.445" /><testcase classname="tests.test_backend_refactor.TestHealthAndAuth" name="test_get_me_unauthenticated" time="0.106"><failure message="assert 403 == 401&#10; +  where 403 = &lt;Response [403]&gt;.status_code">tests/test_backend_refactor.py:76: in test_get_me_unauthenticated
    assert response.status_code == 401
E   assert 403 == 401
E    +  where 403 = &lt;Response [403]&gt;.status_code</failure></testcase><testcase classname="tests.test_backend_refactor.TestEmployees" name="test_get_employees" time="0.497" /><testcase classname="tests.test_backend_refactor.TestEmployees" name="test_create_employee" time="0.458" /><testcase classname="tests.test_backend_refactor.TestEmployees" name="test_get_employee_by_id" time="0.565" /><testcase classname="tests.test_backend_refactor.TestEmployees" name="test_generate_employee_link" time="0.587" /><testcase classname="tests.test_backend_refactor.TestEmployees" name="test_generate_all_links" time="0.447" /><testcase classname="tests.test_backend_refactor.TestSites" name="test_get_sites" time="0.440" /><testcase classname="tests.test_backend_refactor.TestSites" name="test_create_site" time="0.453" /><testcase classname="tests.test_backend_refactor.TestSites" name="test_update_site" time="0.637" /><testcase classname="tests.test_backend_refactor.TestSites" name="test_delete_site" time="0.564" /><testcase classname="tests.test_backend_refactor.TestSites" name="test_geocode" time="0.596" /><testcase classname="tests.test_backend_refactor.TestForemen" name="test_get_foremen" time="0.444" /><testcase classname="tests.test_backend_refactor.TestForemen" name="test_worker_register" time="0.113" /><testcase classname="tests.test_backend_refactor.TestForemen" name="test_assign_sites_to_foreman" time="0.679" /><testcase classname="tests.test_backend_refactor.TestHours" name="test_get_hours" time="0.451" /><testcase classname="tests.test_backend_refactor.TestHours" name="test_create_hour_entry" time="0.704" /><testcase classname="tests.test_backend_refactor.TestHours" name="test_check_existing_hours" time="0.764" /><testcase classname="tests.test_backend_refactor.TestRequests" name="test_get_requests" time="0.450" /><testcase classname="tests.test_backend_refactor.TestRequests" name="test_get_notifications" time="36.389" /><testcase classname="tests.test_backend_refactor.TestAbsences" name="test_get_absences" time="0.445" /><testcase classname="tests.test_backend_refactor.TestAbsences" name="test_public_absence_flow" time="0.676" /><testcase classname="tests.test_backend_refactor.TestAdvances" name="test_get_advances" time="0.465" /><testcase classname="tests.test_backend_refactor.TestAdvances" name="test_get_advances_summary" time="0.438" /><testcase classname="tests.test_backend_refactor.TestAdvances" name="test_create_advance" time="0.536" /><testcase classname="tests.test_backend_refactor.TestPenalties" name="test_get_penalties" time="0.451" /><testcase classname="tests.test_backend_refactor.TestPenalties" name="test_get_penalties_summary" time="0.440" /><testcase classname="tests.test_backend_refactor.TestPenalties" name="test_create_penalty" time="0.540" /><testcase classname="tests.test_backend_refactor.TestSyncAndCron" name="test_get_sync_logs" time="0.430" /><testcase classname="tests.test_backend_refactor.TestSyncAndCron" name="test_get_cron_status" time="0.430" /><testcase classname="tests.test_backend_refactor.TestReports" name="test_get_monthly_report" time="0.463" /><testcase classname="tests.test_backend_refactor.TestPublicEndpoints" name="test_get_holidays" time="0.109" /><testcase classname="tests.test_backend_refactor.TestPublicEndpoints" name="test_public_hours_with_token" time="0.635" /><testcase classname="tests.test_backend_refactor.TestPublicEndpoints" name="test_public_advances_with_token" time="0.658" /><testcase classname="tests.test_backend_refactor.TestPublicEndpoints" name="test_public_penalties_with_token" time="0.645" /><testcase classname="tests.test_backend_refactor.TestAssignments" name="test_get_assignments" time="0.447" /><testcase classname="tests.test_backend_refactor.TestAssignments" name="test_get_assignments_by_month" time="0.422" /></testsuite></testsuites>