<?xml version="1.0" encoding="utf-8"?><testsuites name="pytest tests"><testsuite name="pytest" errors="0" failures="0" skipped="0" tests="12" time="5.129" timestamp="2026-05-21T20:06:51.675457+00:00" hostname="agent-env-5429f011-1d86-40b9-9e13-4d4f5917bfe7"><testcase classname="backend.tests.test_iter36_equipment_transfer_repair.TestTransferFromWarehouse" name="test_admin_creates_warehouse_transfer" time="1.942" /><testcase classname="backend.tests.test_iter36_equipment_transfer_repair.TestTransferFromWarehouse" name="test_transfer_visible_in_all" time="0.107" /><testcase classname="backend.tests.test_iter36_equipment_transfer_repair.TestTransferFromWarehouse" name="test_assignment_not_yet_changed" time="0.106" /><testcase classname="backend.tests.test_iter36_equipment_transfer_repair.TestTransferFromWarehouse" name="test_warehouse_overcommit_rejected" time="0.153" /><testcase classname="backend.tests.test_iter36_equipment_transfer_repair.TestTransferFromWarehouse" name="test_foreman_accepts_transfer" time="0.346" /><testcase classname="backend.tests.test_iter36_equipment_transfer_repair.TestTransferFromWarehouse" name="test_other_foreman_cannot_accept_someone_elses" time="1.058" /><testcase classname="backend.tests.test_iter36_equipment_transfer_repair.TestEquipmentTotalQuantityUpdate" name="test_update_total_quantity" time="0.225" /><testcase classname="backend.tests.test_iter36_equipment_transfer_repair.TestEquipmentTotalQuantityUpdate" name="test_update_below_assigned_rejected" time="0.108" /><testcase classname="backend.tests.test_iter36_equipment_transfer_repair.TestReturnToRepair" name="test_foreman_returns_qty" time="0.239" /><testcase classname="backend.tests.test_iter36_equipment_transfer_repair.TestReturnToRepair" name="test_assignment_already_reduced" time="0.138" /><testcase classname="backend.tests.test_iter36_equipment_transfer_repair.TestReturnToRepair" name="test_admin_routes_to_repair" time="0.468" /><testcase classname="backend.tests.test_iter36_equipment_transfer_repair.TestReturnToRepair" name="test_to_repair_already_processed_rejected" time="0.141" /></testsuite></testsuites>