<?xml version="1.0" encoding="utf-8"?><testsuites name="pytest tests"><testsuite name="pytest" errors="0" failures="0" skipped="0" tests="33" time="23.970" timestamp="2026-04-09T20:43:33.082178+00:00" hostname="agent-env-42d22b61-069b-41b3-832b-ef80c04a2ff5"><testcase classname="backend.tests.test_e2e_full.TestHealthAndBasics" name="test_health_endpoint" time="0.144" /><testcase classname="backend.tests.test_e2e_full.TestAdminAuth" name="test_admin_login_success" time="0.351" /><testcase classname="backend.tests.test_e2e_full.TestAdminAuth" name="test_admin_login_invalid_credentials" time="0.140" /><testcase classname="backend.tests.test_e2e_full.TestUnauthorizedAccess" name="test_employees_requires_auth" time="0.123" /><testcase classname="backend.tests.test_e2e_full.TestUnauthorizedAccess" name="test_sites_requires_auth" time="0.118" /><testcase classname="backend.tests.test_e2e_full.TestUnauthorizedAccess" name="test_advances_requires_admin" time="0.124" /><testcase classname="backend.tests.test_e2e_full.TestUnauthorizedAccess" name="test_penalties_requires_admin" time="0.126" /><testcase classname="backend.tests.test_e2e_full.TestUnauthorizedAccess" name="test_foremen_requires_auth" time="0.115" /><testcase classname="backend.tests.test_e2e_full.TestUnauthorizedAccess" name="test_cron_status_requires_admin" time="0.116" /><testcase classname="backend.tests.test_e2e_full.TestEmployeesAPI" name="test_get_employees" time="0.522" /><testcase classname="backend.tests.test_e2e_full.TestSitesAPI" name="test_get_sites" time="0.100" /><testcase classname="backend.tests.test_e2e_full.TestHoursAPI" name="test_get_hours" time="0.130" /><testcase classname="backend.tests.test_e2e_full.TestAdvancesAPI" name="test_get_advances" time="0.108" /><testcase classname="backend.tests.test_e2e_full.TestAdvancesAPI" name="test_get_advances_summary" time="0.132" /><testcase classname="backend.tests.test_e2e_full.TestAdvancesAPI" name="test_create_advance" time="0.346" /><testcase classname="backend.tests.test_e2e_full.TestAdvancesAPI" name="test_delete_nonexistent_advance" time="0.129" /><testcase classname="backend.tests.test_e2e_full.TestAdvancesAPI" name="test_carry_forward_advance" time="0.615" /><testcase classname="backend.tests.test_e2e_full.TestPenaltiesAPI" name="test_get_penalties" time="0.108" /><testcase classname="backend.tests.test_e2e_full.TestPenaltiesAPI" name="test_get_penalties_summary" time="0.105" /><testcase classname="backend.tests.test_e2e_full.TestPenaltiesAPI" name="test_create_penalty_with_description" time="0.357" /><testcase classname="backend.tests.test_e2e_full.TestPenaltiesAPI" name="test_delete_nonexistent_penalty" time="0.173" /><testcase classname="backend.tests.test_e2e_full.TestPublicEndpoints" name="test_public_advances_invalid_token" time="0.129" /><testcase classname="backend.tests.test_e2e_full.TestPublicEndpoints" name="test_public_penalties_invalid_token" time="0.108" /><testcase classname="backend.tests.test_e2e_full.TestPublicEndpoints" name="test_public_hours_invalid_token" time="0.110" /><testcase classname="backend.tests.test_e2e_full.TestPublicEndpoints" name="test_public_advances_valid_token" time="0.332" /><testcase classname="backend.tests.test_e2e_full.TestPublicEndpoints" name="test_public_penalties_valid_token" time="0.218" /><testcase classname="backend.tests.test_e2e_full.TestForemenAPI" name="test_get_foremen" time="0.131" /><testcase classname="backend.tests.test_e2e_full.TestForemenAPI" name="test_delete_nonexistent_foreman" time="0.103" /><testcase classname="backend.tests.test_e2e_full.TestCronAndSyncAPI" name="test_cron_status" time="0.100" /><testcase classname="backend.tests.test_e2e_full.TestCronAndSyncAPI" name="test_sync_excel_trigger" time="0.106" /><testcase classname="backend.tests.test_e2e_full.TestCronAndSyncAPI" name="test_advances_sync_excel" time="4.119" /><testcase classname="backend.tests.test_e2e_full.TestCronAndSyncAPI" name="test_penalties_sync_excel" time="7.181" /><testcase classname="backend.tests.test_e2e_full.TestHolidaysAPI" name="test_get_holidays" time="7.039" /></testsuite></testsuites>