<?xml version="1.0" encoding="utf-8"?><testsuites name="pytest tests"><testsuite name="pytest" errors="0" failures="0" skipped="0" tests="17" time="5.212" timestamp="2026-05-16T21:16:30.894178+00:00" hostname="agent-env-5429f011-1d86-40b9-9e13-4d4f5917bfe7"><testcase classname="backend.tests.test_iter32_employee_mgmt.TestPayrollRBAC" name="test_get_payroll_anonymous_blocked" time="0.234" /><testcase classname="backend.tests.test_iter32_employee_mgmt.TestPayrollRBAC" name="test_get_payroll_foreman_forbidden" time="1.000" /><testcase classname="backend.tests.test_iter32_employee_mgmt.TestPayrollRBAC" name="test_put_payroll_anonymous_blocked" time="0.126" /><testcase classname="backend.tests.test_iter32_employee_mgmt.TestPayrollRBAC" name="test_put_payroll_foreman_forbidden" time="0.111" /><testcase classname="backend.tests.test_iter32_employee_mgmt.TestPayrollRBAC" name="test_post_pdf_anonymous_blocked" time="0.082" /><testcase classname="backend.tests.test_iter32_employee_mgmt.TestPayrollRBAC" name="test_post_pdf_foreman_forbidden" time="0.080" /><testcase classname="backend.tests.test_iter32_employee_mgmt.TestEmployeeAdd" name="test_create_employee" time="0.941" /><testcase classname="backend.tests.test_iter32_employee_mgmt.TestEmployeeAdd" name="test_create_employee_phone_optional" time="0.082" /><testcase classname="backend.tests.test_iter32_employee_mgmt.TestEmployeeAdd" name="test_create_employee_foreman_forbidden" time="0.077" /><testcase classname="backend.tests.test_iter32_employee_mgmt.TestEmployeeArchive" name="test_archive_sets_flags" time="0.353" /><testcase classname="backend.tests.test_iter32_employee_mgmt.TestEmployeeArchive" name="test_unarchive_restores" time="0.401" /><testcase classname="backend.tests.test_iter32_employee_mgmt.TestEmployeeArchive" name="test_archive_foreman_forbidden" time="0.176" /><testcase classname="backend.tests.test_iter32_employee_mgmt.TestEmployeeDelete" name="test_delete_not_archived_400" time="0.403" /><testcase classname="backend.tests.test_iter32_employee_mgmt.TestEmployeeDelete" name="test_delete_archived_cascades" time="0.460" /><testcase classname="backend.tests.test_iter32_employee_mgmt.TestEmployeeDelete" name="test_delete_foreman_forbidden" time="0.371" /><testcase classname="backend.tests.test_iter32_employee_mgmt.TestArchivedFilter" name="test_default_excludes_archived" time="0.094" /><testcase classname="backend.tests.test_iter32_employee_mgmt.TestArchivedFilter" name="test_include_archived_shows_all" time="0.111" /></testsuite></testsuites>