<?xml version="1.0" encoding="utf-8"?><testsuites name="pytest tests"><testsuite name="pytest" errors="0" failures="0" skipped="0" tests="34" time="32.767" timestamp="2026-05-16T21:32:06.805491+00:00" hostname="agent-env-5429f011-1d86-40b9-9e13-4d4f5917bfe7"><testcase classname="tests.test_iter31_payroll.TestPayrollList" name="test_list_returns_rows_and_totals" time="0.491" /><testcase classname="tests.test_iter31_payroll.TestPayrollList" name="test_list_requires_auth" time="0.085" /><testcase classname="tests.test_iter31_payroll.TestPayrollUpdate" name="test_put_upsert_and_payout_formula" time="0.268" /><testcase classname="tests.test_iter31_payroll.TestPayrollUpdate" name="test_full_formula_with_all_fields" time="0.265" /><testcase classname="tests.test_iter31_payroll.TestPayrollPdf" name="test_pdf_all" time="0.117" /><testcase classname="tests.test_iter31_payroll.TestPayrollPdf" name="test_pdf_selected" time="0.206" /><testcase classname="tests.test_iter31_payroll.TestPayrollPdf" name="test_pdf_empty_list_400" time="0.098" /><testcase classname="tests.test_iter31_payroll.TestPayrollPdf" name="test_pdf_unknown_employee_returns_400" time="0.096" /><testcase classname="tests.test_iter31_payroll.TestPayrollRBAC" name="test_no_token_blocked" time="0.181" /><testcase classname="tests.test_iter31_payroll.TestRegression" name="test_health" time="0.077" /><testcase classname="tests.test_iter31_payroll.TestRegression" name="test_equipment_lost_field_still_present" time="0.076" /><testcase classname="tests.test_iter31_payroll.TestRegression" name="test_equipment_list_uses_thumb" time="0.084" /><testcase classname="tests.test_iter32_employee_mgmt.TestPayrollRBAC" name="test_get_payroll_anonymous_blocked" time="0.090" /><testcase classname="tests.test_iter32_employee_mgmt.TestPayrollRBAC" name="test_get_payroll_foreman_forbidden" time="0.928" /><testcase classname="tests.test_iter32_employee_mgmt.TestPayrollRBAC" name="test_put_payroll_anonymous_blocked" time="0.081" /><testcase classname="tests.test_iter32_employee_mgmt.TestPayrollRBAC" name="test_put_payroll_foreman_forbidden" time="0.080" /><testcase classname="tests.test_iter32_employee_mgmt.TestPayrollRBAC" name="test_post_pdf_anonymous_blocked" time="0.077" /><testcase classname="tests.test_iter32_employee_mgmt.TestPayrollRBAC" name="test_post_pdf_foreman_forbidden" time="0.082" /><testcase classname="tests.test_iter32_employee_mgmt.TestEmployeeAdd" name="test_create_employee" time="0.473" /><testcase classname="tests.test_iter32_employee_mgmt.TestEmployeeAdd" name="test_create_employee_phone_optional" time="0.074" /><testcase classname="tests.test_iter32_employee_mgmt.TestEmployeeAdd" name="test_create_employee_foreman_forbidden" time="0.080" /><testcase classname="tests.test_iter32_employee_mgmt.TestEmployeeArchive" name="test_archive_sets_flags" time="0.335" /><testcase classname="tests.test_iter32_employee_mgmt.TestEmployeeArchive" name="test_unarchive_restores" time="0.334" /><testcase classname="tests.test_iter32_employee_mgmt.TestEmployeeArchive" name="test_archive_foreman_forbidden" time="0.153" /><testcase classname="tests.test_iter32_employee_mgmt.TestEmployeeDelete" name="test_delete_not_archived_400" time="0.351" /><testcase classname="tests.test_iter32_employee_mgmt.TestEmployeeDelete" name="test_delete_archived_cascades" time="0.454" /><testcase classname="tests.test_iter32_employee_mgmt.TestEmployeeDelete" name="test_delete_foreman_forbidden" time="0.343" /><testcase classname="tests.test_iter32_employee_mgmt.TestArchivedFilter" name="test_default_excludes_archived" time="0.082" /><testcase classname="tests.test_iter32_employee_mgmt.TestArchivedFilter" name="test_include_archived_shows_all" time="0.082" /><testcase classname="tests.test_iter33_fixed_salary.TestHousingRemoved" name="test_put_housing_ignored_no_payout_impact" time="25.824" /><testcase classname="tests.test_iter33_fixed_salary.TestFixedSalary" name="test_put_fixed_persists" time="0.163" /><testcase classname="tests.test_iter33_fixed_salary.TestFixedSalary" name="test_computed_fixed_formula_zero_hours" time="0.084" /><testcase classname="tests.test_iter33_fixed_salary.TestFixedSalary" name="test_toggle_back_to_hourly" time="0.166" /><testcase classname="tests.test_iter33_fixed_salary.TestPdf" name="test_pdf_fixed_salary_size_no_housing" time="0.265" /></testsuite></testsuites>