<?xml version="1.0" encoding="utf-8"?><testsuites name="pytest tests"><testsuite name="pytest" errors="0" failures="0" skipped="1" tests="15" time="4.365" timestamp="2026-05-03T11:51:29.998808+00:00" hostname="agent-env-5429f011-1d86-40b9-9e13-4d4f5917bfe7"><testcase classname="backend.tests.test_bhp_documents_feature.TestBhpEmployeeListing" name="test_list_active" time="0.641" /><testcase classname="backend.tests.test_bhp_documents_feature.TestBhpEmployeeListing" name="test_list_include_archived" time="0.113" /><testcase classname="backend.tests.test_bhp_documents_feature.TestBhpEmployeeListing" name="test_list_only_archived" time="0.098" /><testcase classname="backend.tests.test_bhp_documents_feature.TestEmployeeBhpInfo" name="test_update_bhp_info_persists" time="0.243" /><testcase classname="backend.tests.test_bhp_documents_feature.TestEmployeeBhpInfo" name="test_update_bhp_info_404" time="0.130" /><testcase classname="backend.tests.test_bhp_documents_feature.TestDocuments" name="test_upload_invalid_category" time="0.117" /><testcase classname="backend.tests.test_bhp_documents_feature.TestDocuments" name="test_upload_too_large" time="0.630" /><testcase classname="backend.tests.test_bhp_documents_feature.TestDocuments" name="test_upload_list_download_delete" time="0.549" /><testcase classname="backend.tests.test_bhp_documents_feature.TestArchive" name="test_archive_and_restore" time="0.104"><skipped type="pytest.skip" message="Need at least 2 active employees">/app/backend/tests/test_bhp_documents_feature.py:219: Need at least 2 active employees</skipped></testcase><testcase classname="backend.tests.test_bhp_documents_feature.TestBulkDownload" name="test_bulk_zip" time="0.455" /><testcase classname="backend.tests.test_bhp_documents_feature.TestBulkDownload" name="test_bulk_pdf_merged" time="0.193" /><testcase classname="backend.tests.test_bhp_documents_feature.TestBulkDownload" name="test_bulk_invalid_format" time="0.103" /><testcase classname="backend.tests.test_bhp_documents_feature.TestBulkDownload" name="test_bulk_invalid_category" time="0.103" /><testcase classname="backend.tests.test_bhp_documents_feature.TestBulkDownload" name="test_bulk_no_docs_404" time="0.127" /><testcase classname="backend.tests.test_bhp_documents_feature.TestBulkDownload" name="test_bulk_pdf_with_non_pdf_file" time="0.668" /></testsuite></testsuites>