<?xml version="1.0" encoding="utf-8"?><testsuites name="pytest tests"><testsuite name="pytest" errors="0" failures="0" skipped="0" tests="26" time="7.825" timestamp="2026-04-10T07:32:40.441281+00:00" hostname="agent-env-42d22b61-069b-41b3-832b-ef80c04a2ff5"><testcase classname="backend.tests.test_regression_iteration14.TestHealthAndBasicEndpoints" name="test_health_endpoint" time="0.213" /><testcase classname="backend.tests.test_regression_iteration14.TestHealthAndBasicEndpoints" name="test_holidays_endpoint" time="0.108" /><testcase classname="backend.tests.test_regression_iteration14.TestAdminAuthentication" name="test_admin_login_success" time="0.339" /><testcase classname="backend.tests.test_regression_iteration14.TestAdminAuthentication" name="test_admin_login_wrong_password" time="0.332" /><testcase classname="backend.tests.test_regression_iteration14.TestAdminAuthentication" name="test_admin_login_wrong_email" time="0.105" /><testcase classname="backend.tests.test_regression_iteration14.TestPublicHoursEndpoint" name="test_public_hours_valid_token" time="0.114" /><testcase classname="backend.tests.test_regression_iteration14.TestPublicHoursEndpoint" name="test_public_hours_invalid_token" time="0.114" /><testcase classname="backend.tests.test_regression_iteration14.TestPublicAbsencesEndpoint" name="test_get_absences_valid_token" time="0.117" /><testcase classname="backend.tests.test_regression_iteration14.TestPublicAbsencesEndpoint" name="test_create_absence_future_date" time="0.993" /><testcase classname="backend.tests.test_regression_iteration14.TestPublicAbsencesEndpoint" name="test_create_absence_past_date_rejected" time="0.100" /><testcase classname="backend.tests.test_regression_iteration14.TestPublicAbsencesEndpoint" name="test_create_absence_today_rejected" time="0.128" /><testcase classname="backend.tests.test_regression_iteration14.TestPublicAdvancesAndPenalties" name="test_public_advances" time="0.112" /><testcase classname="backend.tests.test_regression_iteration14.TestPublicAdvancesAndPenalties" name="test_public_penalties" time="0.120" /><testcase classname="backend.tests.test_regression_iteration14.TestAdminProtectedEndpoints" name="test_get_employees" time="0.441" /><testcase classname="backend.tests.test_regression_iteration14.TestAdminProtectedEndpoints" name="test_get_sites" time="0.430" /><testcase classname="backend.tests.test_regression_iteration14.TestAdminProtectedEndpoints" name="test_get_absences_admin" time="0.947" /><testcase classname="backend.tests.test_regression_iteration14.TestAdminProtectedEndpoints" name="test_get_absences_pending" time="0.439" /><testcase classname="backend.tests.test_regression_iteration14.TestAdminProtectedEndpoints" name="test_check_existing_hours" time="0.428" /><testcase classname="backend.tests.test_regression_iteration14.TestAdminProtectedEndpoints" name="test_advances_summary" time="0.453" /><testcase classname="backend.tests.test_regression_iteration14.TestAdminProtectedEndpoints" name="test_penalties_summary" time="0.429" /><testcase classname="backend.tests.test_regression_iteration14.TestForemanRegistration" name="test_foreman_registration_endpoint_exists" time="0.098" /><testcase classname="backend.tests.test_regression_iteration14.TestForemanRegistration" name="test_foreman_registration_requires_name" time="0.097" /><testcase classname="backend.tests.test_regression_iteration14.TestPWAAssets" name="test_manifest_json" time="0.099" /><testcase classname="backend.tests.test_regression_iteration14.TestPWAAssets" name="test_service_worker" time="0.096" /><testcase classname="backend.tests.test_regression_iteration14.TestHoursEndpoints" name="test_get_hours" time="0.440" /><testcase classname="backend.tests.test_regression_iteration14.TestHoursEndpoints" name="test_get_assignments" time="0.436" /></testsuite></testsuites>