<?xml version="1.0" encoding="utf-8"?><testsuites name="pytest tests"><testsuite name="pytest" errors="0" failures="0" skipped="1" tests="13" time="4.342" timestamp="2026-05-06T08:48:26.192847+00:00" hostname="agent-env-5429f011-1d86-40b9-9e13-4d4f5917bfe7"><testcase classname="backend.tests.test_inventory_shortage_and_security.TestShortage" name="test_report_shortage_success" time="2.235" /><testcase classname="backend.tests.test_inventory_shortage_and_security.TestShortage" name="test_report_shortage_negative_400" time="0.110" /><testcase classname="backend.tests.test_inventory_shortage_and_security.TestShortage" name="test_report_shortage_over_assigned_400" time="0.101" /><testcase classname="backend.tests.test_inventory_shortage_and_security.TestShortage" name="test_report_shortage_unknown_check_404" time="0.117" /><testcase classname="backend.tests.test_inventory_shortage_and_security.TestShortage" name="test_list_shortages_open" time="0.142" /><testcase classname="backend.tests.test_inventory_shortage_and_security.TestShortage" name="test_resolve_shortage" time="0.340" /><testcase classname="backend.tests.test_inventory_shortage_and_security.TestShortage" name="test_resolve_unknown_404" time="0.100" /><testcase classname="backend.tests.test_inventory_shortage_and_security" name="test_confirm_after_shortage_mixed" time="0.671" /><testcase classname="backend.tests.test_inventory_shortage_and_security" name="test_security_headers_present" time="0.118" /><testcase classname="backend.tests.test_inventory_shortage_and_security" name="test_gzip_on_equipment_endpoint" time="0.119" /><testcase classname="backend.tests.test_inventory_shortage_and_security" name="test_list_equipment_correctness" time="0.102" /><testcase classname="backend.tests.test_inventory_shortage_and_security" name="test_my_equipment_for_foreman" time="0.106" /><testcase classname="backend.tests.test_inventory_shortage_and_security" name="test_rate_limit_admin_login" time="0.000"><skipped type="pytest.skip" message="opt-in: would consume login budget for whole IP">/app/backend/tests/test_inventory_shortage_and_security.py:251: opt-in: would consume login budget for whole IP</skipped></testcase></testsuite></testsuites>