<?xml version="1.0" encoding="utf-8"?><testsuites name="pytest tests"><testsuite name="pytest" errors="0" failures="1" skipped="0" tests="18" time="4.568" timestamp="2026-04-08T17:46:07.236280+00:00" hostname="agent-env-42d22b61-069b-41b3-832b-ef80c04a2ff5"><testcase classname="backend.tests.test_new_features.TestPolishHolidays" name="test_holidays_2026_returns_correct_fixed_holidays" time="0.208" /><testcase classname="backend.tests.test_new_features.TestPolishHolidays" name="test_holidays_2026_easter_monday" time="0.124" /><testcase classname="backend.tests.test_new_features.TestPolishHolidays" name="test_holidays_2026_corpus_christi" time="0.138" /><testcase classname="backend.tests.test_new_features.TestPolishHolidays" name="test_holidays_2026_pentecost" time="0.103" /><testcase classname="backend.tests.test_new_features.TestPolishHolidays" name="test_holidays_returns_sorted_list" time="0.102" /><testcase classname="backend.tests.test_new_features.TestPolishHolidays" name="test_holidays_different_year" time="0.115" /><testcase classname="backend.tests.test_new_features.TestPublicHoursEndpoint" name="test_public_hours_valid_token" time="0.155" /><testcase classname="backend.tests.test_new_features.TestPublicHoursEndpoint" name="test_public_hours_returns_entries_with_site_names" time="0.125" /><testcase classname="backend.tests.test_new_features.TestPublicHoursEndpoint" name="test_public_hours_invalid_token" time="0.147" /><testcase classname="backend.tests.test_new_features.TestPublicHoursEndpoint" name="test_public_hours_no_auth_required" time="0.157" /><testcase classname="backend.tests.test_new_features.TestGenerateLinksEndpoint" name="test_generate_all_links_requires_auth" time="0.121" /><testcase classname="backend.tests.test_new_features.TestGenerateLinksEndpoint" name="test_generate_all_links_returns_employee_data" time="0.483" /><testcase classname="backend.tests.test_new_features.TestGenerateLinksEndpoint" name="test_generate_all_links_tokens_are_valid" time="0.549" /><testcase classname="backend.tests.test_new_features.TestGenerateLinksEndpoint" name="test_generate_all_links_idempotent" time="0.560" /><testcase classname="backend.tests.test_new_features.TestHourEntryMetadata" name="test_hours_endpoint_returns_metadata" time="0.486"><failure message="AssertionError: assert ('created_by_name' in {'created_at': '2026-04-08T13:22:38.114187', 'created_by': '6cbcecd3-b76e-4eb0-b85c-6e2b80945da9', 'employee_id': 'd1b4e499-f3d3-40ad-8591-527b403abd42', 'hours_worked': 8.0, ...} or 'updated_by_name' in {'created_at': '2026-04-08T13:22:38.114187', 'created_by': '6cbcecd3-b76e-4eb0-b85c-6e2b80945da9', 'employee_id': 'd1b4e499-f3d3-40ad-8591-527b403abd42', 'hours_worked': 8.0, ...})">backend/tests/test_new_features.py:228: in test_hours_endpoint_returns_metadata
    assert "created_by_name" in entry or "updated_by_name" in entry
E   AssertionError: assert ('created_by_name' in {'created_at': '2026-04-08T13:22:38.114187', 'created_by': '6cbcecd3-b76e-4eb0-b85c-6e2b80945da9', 'employee_id': 'd1b4e499-f3d3-40ad-8591-527b403abd42', 'hours_worked': 8.0, ...} or 'updated_by_name' in {'created_at': '2026-04-08T13:22:38.114187', 'created_by': '6cbcecd3-b76e-4eb0-b85c-6e2b80945da9', 'employee_id': 'd1b4e499-f3d3-40ad-8591-527b403abd42', 'hours_worked': 8.0, ...})</failure></testcase><testcase classname="backend.tests.test_new_features.TestAdminLogin" name="test_admin_login_success" time="0.320" /><testcase classname="backend.tests.test_new_features.TestAdminLogin" name="test_admin_login_wrong_password" time="0.337" /><testcase classname="backend.tests.test_new_features.TestAdminLogin" name="test_admin_login_wrong_email" time="0.120" /></testsuite></testsuites>