<?xml version="1.0" encoding="utf-8"?><testsuites name="pytest tests"><testsuite name="pytest" errors="0" failures="0" skipped="0" tests="7" time="4.942" timestamp="2026-04-08T15:11:37.243705+00:00" hostname="agent-env-42d22b61-069b-41b3-832b-ef80c04a2ff5"><testcase classname="backend.tests.test_bug_fixes.TestBugFixes" name="test_admin_login" time="0.982" /><testcase classname="backend.tests.test_bug_fixes.TestBugFixes" name="test_bug_fix_1_admin_can_edit_any_date" time="0.663" /><testcase classname="backend.tests.test_bug_fixes.TestBugFixes" name="test_bug_fix_2_uuid_key_parsing" time="0.649" /><testcase classname="backend.tests.test_bug_fixes.TestBugFixes" name="test_bug_fix_3_assignment_deduplication" time="0.610" /><testcase classname="backend.tests.test_bug_fixes.TestBugFixes" name="test_polish_month_variants" time="0.592" /><testcase classname="backend.tests.test_bug_fixes.TestBugFixes" name="test_hours_update_existing" time="0.766" /><testcase classname="backend.tests.test_bug_fixes.TestSiteTotals" name="test_hours_counted_under_correct_site" time="0.605" /></testsuite></testsuites>