<?xml version="1.0" encoding="utf-8"?><testsuites name="pytest tests"><testsuite name="pytest" errors="0" failures="0" skipped="0" tests="11" time="77.242" timestamp="2026-04-08T20:29:21.114935+00:00" hostname="agent-env-42d22b61-069b-41b3-832b-ef80c04a2ff5"><testcase classname="backend.tests.test_cron_features.TestHealthEndpoint" name="test_health_check" time="0.178" /><testcase classname="backend.tests.test_cron_features.TestCronStatusEndpoint" name="test_cron_status_requires_auth" time="0.145" /><testcase classname="backend.tests.test_cron_features.TestCronStatusEndpoint" name="test_cron_status_with_auth" time="0.477" /><testcase classname="backend.tests.test_cron_features.TestCronTriggerEndpoint" name="test_cron_trigger_requires_auth" time="0.124" /><testcase classname="backend.tests.test_cron_features.TestCronTriggerEndpoint" name="test_cron_trigger_with_auth" time="0.153" /><testcase classname="backend.tests.test_cron_features.TestSyncLogsEndpoint" name="test_sync_logs_requires_auth" time="31.418" /><testcase classname="backend.tests.test_cron_features.TestSyncLogsEndpoint" name="test_sync_logs_with_auth" time="0.191" /><testcase classname="backend.tests.test_cron_features.TestWriteHoursEndpoint" name="test_write_hours_requires_auth" time="0.114" /><testcase classname="backend.tests.test_cron_features.TestWriteHoursEndpoint" name="test_write_hours_with_auth" time="0.113" /><testcase classname="backend.tests.test_cron_features.TestAdminLogin" name="test_admin_login_success" time="44.076" /><testcase classname="backend.tests.test_cron_features.TestAdminLogin" name="test_admin_login_invalid_credentials" time="0.167" /></testsuite></testsuites>