<?xml version="1.0" encoding="utf-8"?><testsuites name="pytest tests"><testsuite name="pytest" errors="0" failures="0" skipped="0" tests="5" time="1.704" timestamp="2026-05-16T21:31:18.072770+00:00" hostname="agent-env-5429f011-1d86-40b9-9e13-4d4f5917bfe7"><testcase classname="tests.test_iter33_fixed_salary.TestHousingRemoved" name="test_put_housing_ignored_no_payout_impact" time="0.876" /><testcase classname="tests.test_iter33_fixed_salary.TestFixedSalary" name="test_put_fixed_persists" time="0.176" /><testcase classname="tests.test_iter33_fixed_salary.TestFixedSalary" name="test_computed_fixed_formula_zero_hours" time="0.083" /><testcase classname="tests.test_iter33_fixed_salary.TestFixedSalary" name="test_toggle_back_to_hourly" time="0.195" /><testcase classname="tests.test_iter33_fixed_salary.TestPdf" name="test_pdf_fixed_salary_size_no_housing" time="0.287" /></testsuite></testsuites>