<?xml version="1.0" encoding="utf-8"?><testsuites name="pytest tests"><testsuite name="pytest" errors="0" failures="0" skipped="0" tests="11" time="3.121" timestamp="2026-05-12T15:10:25.174821+00:00" hostname="agent-env-5429f011-1d86-40b9-9e13-4d4f5917bfe7"><testcase classname="backend.tests.test_iter25_push.TestVapidKey" name="test_vapid_key_no_auth" time="0.270" /><testcase classname="backend.tests.test_iter25_push.TestSubscribe" name="test_subscribe_requires_auth" time="0.247" /><testcase classname="backend.tests.test_iter25_push.TestSubscribe" name="test_subscribe_idempotent_on_same_endpoint" time="0.931" /><testcase classname="backend.tests.test_iter25_push.TestPushTest" name="test_push_test_requires_auth" time="0.121" /><testcase classname="backend.tests.test_iter25_push.TestPushTest" name="test_push_test_returns_counts" time="0.224" /><testcase classname="backend.tests.test_iter25_push.TestUnsubscribe" name="test_unsubscribe_404_when_missing" time="0.161" /><testcase classname="backend.tests.test_iter25_push.TestUnsubscribe" name="test_unsubscribe_deletes_existing" time="0.389" /><testcase classname="backend.tests.test_iter25_push.TestHooksDoNotBreakParents" name="test_warehouse_order_creation_still_works" time="0.163" /><testcase classname="backend.tests.test_iter25_push.TestHooksDoNotBreakParents" name="test_absences_endpoint_reachable" time="0.168" /><testcase classname="backend.tests.test_iter25_push.TestHooksDoNotBreakParents" name="test_equipment_orders_endpoint_reachable" time="0.156" /><testcase classname="backend.tests.test_iter25_push.TestServiceWorker" name="test_sw_js_contains_push_handlers" time="0.171" /></testsuite></testsuites>