<?xml version="1.0" encoding="utf-8"?><testsuites name="pytest tests"><testsuite name="pytest" errors="0" failures="0" skipped="0" tests="9" time="3.582" timestamp="2026-05-14T18:39:30.890543+00:00" hostname="agent-env-5429f011-1d86-40b9-9e13-4d4f5917bfe7"><testcase classname="tests.test_iter30_thumbnails" name="test_make_thumbnail_reduces_size" time="0.065" /><testcase classname="tests.test_iter30_thumbnails" name="test_equipment_create_returns_thumb_in_photo" time="0.939" /><testcase classname="tests.test_iter30_thumbnails" name="test_equipment_list_returns_thumb" time="0.122" /><testcase classname="tests.test_iter30_thumbnails" name="test_equipment_single_returns_full_photo" time="0.224" /><testcase classname="tests.test_iter30_thumbnails" name="test_equipment_update_regenerates_thumb" time="0.355" /><testcase classname="tests.test_iter30_thumbnails" name="test_equipment_cleanup" time="0.115" /><testcase classname="tests.test_iter30_thumbnails" name="test_material_create_and_list_thumb" time="0.934" /><testcase classname="tests.test_iter30_thumbnails" name="test_clothing_type_create_and_list_thumb" time="0.626" /><testcase classname="tests.test_iter30_thumbnails" name="test_equipment_list_smoke_no_regression" time="0.120" /></testsuite></testsuites>