<?xml version="1.0" encoding="utf-8"?><testsuites name="pytest tests"><testsuite name="pytest" errors="0" failures="0" skipped="0" tests="13" time="4.020" timestamp="2026-05-30T20:53:16.491096+00:00" hostname="agent-env-5429f011-1d86-40b9-9e13-4d4f5917bfe7"><testcase classname="backend.tests.test_iter95u_schedule_visibility.TestForemenList" name="test_foremen_list_includes_schedule_visible" time="0.518" /><testcase classname="backend.tests.test_iter95u_schedule_visibility.TestForemenList" name="test_foremen_list_defaults_to_true" time="0.090" /><testcase classname="backend.tests.test_iter95u_schedule_visibility.TestForemenList" name="test_foreman_me_has_schedule_visible" time="0.488" /><testcase classname="backend.tests.test_iter95u_schedule_visibility.TestPatchVisibility" name="test_admin_can_toggle_off" time="0.196" /><testcase classname="backend.tests.test_iter95u_schedule_visibility.TestPatchVisibility" name="test_admin_can_toggle_on" time="0.108" /><testcase classname="backend.tests.test_iter95u_schedule_visibility.TestPatchVisibility" name="test_non_admin_forbidden" time="0.087" /><testcase classname="backend.tests.test_iter95u_schedule_visibility.TestPatchVisibility" name="test_unknown_foreman_404" time="0.080" /><testcase classname="backend.tests.test_iter95u_schedule_visibility.TestMyScheduleVisibility" name="test_my_schedule_disabled_when_off" time="0.185" /><testcase classname="backend.tests.test_iter95u_schedule_visibility.TestMyScheduleVisibility" name="test_my_schedule_works_when_on" time="0.191" /><testcase classname="backend.tests.test_iter95u_schedule_visibility.TestPublicSchedule" name="test_invalid_token_404" time="0.082" /><testcase classname="backend.tests.test_iter95u_schedule_visibility.TestPublicSchedule" name="test_empty_assigned_sites_returns_empty" time="0.083" /><testcase classname="backend.tests.test_iter95u_schedule_visibility.TestPublicSchedule" name="test_returns_tasks_when_foreman_on" time="0.791" /><testcase classname="backend.tests.test_iter95u_schedule_visibility.TestCronSkipsDisabled" name="test_cron_skips_when_schedule_off" time="0.571" /></testsuite></testsuites>