<?xml version="1.0" encoding="utf-8"?><testsuites name="pytest tests"><testsuite name="pytest" errors="0" failures="0" skipped="0" tests="27" time="5.614" timestamp="2026-04-26T10:48:35.565203+00:00" hostname="agent-env-5429f011-1d86-40b9-9e13-4d4f5917bfe7"><testcase classname="backend.tests.test_equipment.TestEquipmentCRUD" name="test_create_equipment" time="0.555" /><testcase classname="backend.tests.test_equipment.TestEquipmentCRUD" name="test_list_equipment_contains_created" time="0.125" /><testcase classname="backend.tests.test_equipment.TestEquipmentCRUD" name="test_create_negative_quantity_rejected" time="0.154" /><testcase classname="backend.tests.test_equipment.TestEquipmentCRUD" name="test_update_equipment" time="0.253" /><testcase classname="backend.tests.test_equipment.TestEquipmentCRUD" name="test_non_admin_cannot_create" time="0.474" /><testcase classname="backend.tests.test_equipment.TestAssignments" name="test_assign_to_foreman_a" time="0.209" /><testcase classname="backend.tests.test_equipment.TestAssignments" name="test_assign_to_foreman_b" time="0.484" /><testcase classname="backend.tests.test_equipment.TestAssignments" name="test_assign_exceeding_total_rejected" time="0.104" /><testcase classname="backend.tests.test_equipment.TestAssignments" name="test_update_total_below_assigned_rejected" time="0.098" /><testcase classname="backend.tests.test_equipment.TestAssignments" name="test_assignments_matrix" time="0.101" /><testcase classname="backend.tests.test_equipment.TestAssignments" name="test_my_equipment_foreman_a" time="0.176" /><testcase classname="backend.tests.test_equipment.TestAssignments" name="test_assign_zero_removes" time="0.304" /><testcase classname="backend.tests.test_equipment.TestTransfers" name="test_request_transfer" time="0.123" /><testcase classname="backend.tests.test_equipment.TestTransfers" name="test_self_transfer_rejected" time="0.103" /><testcase classname="backend.tests.test_equipment.TestTransfers" name="test_transfer_exceeds_owned" time="0.139" /><testcase classname="backend.tests.test_equipment.TestTransfers" name="test_pending_transfers_visible_to_b" time="0.106" /><testcase classname="backend.tests.test_equipment.TestTransfers" name="test_other_foreman_cannot_accept" time="0.145" /><testcase classname="backend.tests.test_equipment.TestTransfers" name="test_accept_transfer_moves_quantity" time="0.411" /><testcase classname="backend.tests.test_equipment.TestTransfers" name="test_accept_already_processed_rejected" time="0.110" /><testcase classname="backend.tests.test_equipment.TestTransfers" name="test_reject_flow" time="0.369" /><testcase classname="backend.tests.test_equipment.TestDefects" name="test_report_defect" time="0.110" /><testcase classname="backend.tests.test_equipment.TestDefects" name="test_admin_sees_all_defects" time="0.109" /><testcase classname="backend.tests.test_equipment.TestDefects" name="test_foreman_sees_only_own" time="0.109" /><testcase classname="backend.tests.test_equipment.TestDefects" name="test_admin_cannot_report_defect" time="0.103" /><testcase classname="backend.tests.test_equipment.TestHistory" name="test_admin_history_full" time="0.106" /><testcase classname="backend.tests.test_equipment.TestHistory" name="test_foreman_history_only_own" time="0.120" /><testcase classname="backend.tests.test_equipment.TestZCleanup" name="test_delete_equipment" time="0.321" /></testsuite></testsuites>