<?xml version="1.0" encoding="utf-8"?><testsuites name="pytest tests"><testsuite name="pytest" errors="0" failures="0" skipped="0" tests="16" time="14.474" timestamp="2026-04-08T18:43:43.924379+00:00" hostname="agent-env-42d22b61-069b-41b3-832b-ef80c04a2ff5"><testcase classname="backend.tests.test_p1_features.TestAdminAuth" name="test_admin_login_success" time="0.472" /><testcase classname="backend.tests.test_p1_features.TestAdminAuth" name="test_admin_login_invalid_credentials" time="0.337" /><testcase classname="backend.tests.test_p1_features.TestNotifications" name="test_get_notifications_endpoint_exists" time="0.504" /><testcase classname="backend.tests.test_p1_features.TestNotifications" name="test_hours_over_10_creates_notification" time="1.089" /><testcase classname="backend.tests.test_p1_features.TestNotifications" name="test_approve_notification" time="0.978" /><testcase classname="backend.tests.test_p1_features.TestNotifications" name="test_reject_notification" time="0.943" /><testcase classname="backend.tests.test_p1_features.TestNotifications" name="test_notification_shows_employee_info" time="0.448" /><testcase classname="backend.tests.test_p1_features.TestOneDriveSync" name="test_sync_excel_endpoint_exists" time="0.508" /><testcase classname="backend.tests.test_p1_features.TestOneDriveSync" name="test_sync_logs_endpoint" time="4.274" /><testcase classname="backend.tests.test_p1_features.TestPDFReports" name="test_pdf_download_endpoint" time="0.451" /><testcase classname="backend.tests.test_p1_features.TestPDFReports" name="test_pdf_generate_endpoint" time="0.466" /><testcase classname="backend.tests.test_p1_features.TestPDFReports" name="test_pdf_download_different_months" time="1.355" /><testcase classname="backend.tests.test_p1_features.TestAdminDashboardTabs" name="test_all_required_endpoints_for_dashboard" time="1.027" /><testcase classname="backend.tests.test_p1_features.TestRequestsAndNotificationsBadge" name="test_pending_requests_count" time="0.447" /><testcase classname="backend.tests.test_p1_features.TestRequestsAndNotificationsBadge" name="test_pending_notifications_count" time="0.440" /><testcase classname="backend.tests.test_p1_features.TestRequestsAndNotificationsBadge" name="test_badge_total" time="0.590" /></testsuite></testsuites>