<?xml version="1.0" encoding="utf-8"?><testsuites name="pytest tests"><testsuite name="pytest" errors="0" failures="0" skipped="0" tests="15" time="3.339" timestamp="2026-05-16T21:58:56.848914+00:00" hostname="agent-env-5429f011-1d86-40b9-9e13-4d4f5917bfe7"><testcase classname="backend.tests.test_iter34_payroll_features.TestGetPayrollFields" name="test_get_returns_locked_and_lock_info" time="0.552" /><testcase classname="backend.tests.test_iter34_payroll_features.TestAutoCopy" name="test_autocopy_within_year" time="0.334" /><testcase classname="backend.tests.test_iter34_payroll_features.TestAutoCopy" name="test_autocopy_across_year_boundary" time="0.260" /><testcase classname="backend.tests.test_iter34_payroll_features.TestAutoCopy" name="test_autocopy_not_applied_when_record_exists" time="0.207" /><testcase classname="backend.tests.test_iter34_payroll_features.TestLockUnlock" name="test_lock_then_already_locked" time="0.279" /><testcase classname="backend.tests.test_iter34_payroll_features.TestLockUnlock" name="test_put_on_locked_returns_423" time="0.163" /><testcase classname="backend.tests.test_iter34_payroll_features.TestLockUnlock" name="test_unlock_then_unlock_again_400" time="0.164" /><testcase classname="backend.tests.test_iter34_payroll_features.TestLockUnlock" name="test_after_unlock_get_locked_false" time="0.099" /><testcase classname="backend.tests.test_iter34_payroll_features.TestAudit" name="test_audit_two_entries_then_zero_for_noop" time="0.352" /><testcase classname="backend.tests.test_iter34_payroll_features.TestAudit" name="test_audit_scoped_to_month" time="0.097" /><testcase classname="backend.tests.test_iter34_payroll_features.TestPdfReport" name="test_pdf_report_generated" time="0.202" /><testcase classname="backend.tests.test_iter34_payroll_features.TestPdfReport" name="test_pdf_karteczki_regression" time="0.103" /><testcase classname="backend.tests.test_iter34_payroll_features.TestRBAC" name="test_get_payroll_unauthorized" time="0.085" /><testcase classname="backend.tests.test_iter34_payroll_features.TestRBAC" name="test_lock_unauthorized" time="0.083" /><testcase classname="backend.tests.test_iter34_payroll_features.TestRBAC" name="test_pdf_report_unauthorized" time="0.254" /></testsuite></testsuites>