<?xml version="1.0" encoding="utf-8"?><testsuites name="pytest tests"><testsuite name="pytest" errors="0" failures="0" skipped="0" tests="10" time="5.949" timestamp="2026-04-08T19:08:33.174274+00:00" hostname="agent-env-42d22b61-069b-41b3-832b-ef80c04a2ff5"><testcase classname="backend.tests.test_google_maps.TestGoogleMapsIntegration" name="test_get_sites_returns_location_data" time="0.586" /><testcase classname="backend.tests.test_google_maps.TestGoogleMapsIntegration" name="test_all_four_sites_have_coordinates" time="0.469" /><testcase classname="backend.tests.test_google_maps.TestGoogleMapsIntegration" name="test_sites_have_google_maps_url" time="0.476" /><testcase classname="backend.tests.test_google_maps.TestGoogleMapsIntegration" name="test_geocode_endpoint_exists" time="0.504" /><testcase classname="backend.tests.test_google_maps.TestGoogleMapsIntegration" name="test_geocode_gdansk_returns_coordinates" time="1.000" /><testcase classname="backend.tests.test_google_maps.TestGoogleMapsIntegration" name="test_geocode_sasino_returns_coordinates" time="0.574" /><testcase classname="backend.tests.test_google_maps.TestGoogleMapsIntegration" name="test_geocode_invalid_address_returns_error" time="0.576" /><testcase classname="backend.tests.test_google_maps.TestGoogleMapsIntegration" name="test_update_site_location" time="0.717" /><testcase classname="backend.tests.test_google_maps.TestGoogleMapsIntegration" name="test_assignments_endpoint_returns_data" time="0.463" /><testcase classname="backend.tests.test_google_maps.TestGoogleMapsIntegration" name="test_employees_endpoint_returns_data" time="0.497" /></testsuite></testsuites>