<?xml version="1.0" encoding="utf-8"?><testsuites name="pytest tests"><testsuite name="pytest" errors="0" failures="0" skipped="0" tests="5" time="4.346" timestamp="2026-05-14T12:30:06.367106+00:00" hostname="agent-env-5429f011-1d86-40b9-9e13-4d4f5917bfe7"><testcase classname="backend.tests.test_iter28_lost_workflow" name="test_list_equipment_has_lost_quantity_field" time="0.803" /><testcase classname="backend.tests.test_iter28_lost_workflow" name="test_e2e_mark_lost_decrements_assignment_and_increments_lost" time="1.070" /><testcase classname="backend.tests.test_iter28_lost_workflow" name="test_resolve_found_no_stock_change_and_idempotent" time="0.909" /><testcase classname="backend.tests.test_iter28_lost_workflow" name="test_assign_validation_respects_lost_quantity" time="0.930" /><testcase classname="backend.tests.test_iter28_lost_workflow" name="test_put_equipment_broken_validation_includes_lost" time="0.557" /></testsuite></testsuites>