<?xml version="1.0" encoding="utf-8"?><testsuites name="pytest tests"><testsuite name="pytest" errors="0" failures="0" skipped="1" tests="17" time="10.259" timestamp="2026-04-09T17:58:28.631216+00:00" hostname="agent-env-42d22b61-069b-41b3-832b-ef80c04a2ff5"><testcase classname="backend.tests.test_advances_feature.TestAdvancesAuth" name="test_get_advances_without_auth_returns_401_or_403" time="0.370" /><testcase classname="backend.tests.test_advances_feature.TestAdvancesAuth" name="test_post_advances_without_auth_returns_401_or_403" time="0.158" /><testcase classname="backend.tests.test_advances_feature.TestAdvancesAuth" name="test_delete_advances_without_auth_returns_401_or_403" time="0.142" /><testcase classname="backend.tests.test_advances_feature.TestAdvancesAuth" name="test_carry_forward_without_auth_returns_401_or_403" time="0.133" /><testcase classname="backend.tests.test_advances_feature.TestAdvancesAuth" name="test_advances_summary_without_auth_returns_401_or_403" time="0.131" /><testcase classname="backend.tests.test_advances_feature.TestAdvancesCRUD" name="test_create_advance_success" time="0.911" /><testcase classname="backend.tests.test_advances_feature.TestAdvancesCRUD" name="test_get_advances_filtered_by_employee_and_month" time="0.816" /><testcase classname="backend.tests.test_advances_feature.TestAdvancesCRUD" name="test_get_advances_summary" time="1.438" /><testcase classname="backend.tests.test_advances_feature.TestAdvancesCRUD" name="test_delete_advance" time="0.779" /><testcase classname="backend.tests.test_advances_feature.TestAdvancesCRUD" name="test_delete_nonexistent_advance_returns_404" time="0.622" /><testcase classname="backend.tests.test_advances_feature.TestAdvancesCarryForward" name="test_carry_forward_partial_amount" time="1.006" /><testcase classname="backend.tests.test_advances_feature.TestAdvancesCarryForward" name="test_carry_forward_full_amount_deletes_original" time="0.983" /><testcase classname="backend.tests.test_advances_feature.TestAdvancesCarryForward" name="test_carry_forward_amount_exceeds_original_returns_400" time="0.822" /><testcase classname="backend.tests.test_advances_feature.TestAdvancesCarryForward" name="test_carry_forward_zero_amount_returns_400" time="0.769" /><testcase classname="backend.tests.test_advances_feature.TestPublicAdvances" name="test_public_advances_with_valid_token" time="0.427"><skipped type="pytest.skip" message="No employee with public_token found">/app/backend/tests/test_advances_feature.py:435: No employee with public_token found</skipped></testcase><testcase classname="backend.tests.test_advances_feature.TestPublicAdvances" name="test_public_advances_with_invalid_token_returns_404" time="0.538" /><testcase classname="backend.tests.test_advances_feature.TestHealthCheck" name="test_health_endpoint" time="0.125" /></testsuite></testsuites>