<?xml version="1.0" encoding="utf-8"?><testsuites name="pytest tests"><testsuite name="pytest" errors="0" failures="0" skipped="0" tests="12" time="2.135" timestamp="2026-05-16T20:59:36.210701+00:00" hostname="agent-env-5429f011-1d86-40b9-9e13-4d4f5917bfe7"><testcase classname="backend.tests.test_iter31_payroll.TestPayrollList" name="test_list_returns_rows_and_totals" time="0.466" /><testcase classname="backend.tests.test_iter31_payroll.TestPayrollList" name="test_list_requires_auth" time="0.078" /><testcase classname="backend.tests.test_iter31_payroll.TestPayrollUpdate" name="test_put_upsert_and_payout_formula" time="0.243" /><testcase classname="backend.tests.test_iter31_payroll.TestPayrollUpdate" name="test_full_formula_with_all_fields" time="0.274" /><testcase classname="backend.tests.test_iter31_payroll.TestPayrollPdf" name="test_pdf_all" time="0.131" /><testcase classname="backend.tests.test_iter31_payroll.TestPayrollPdf" name="test_pdf_selected" time="0.194" /><testcase classname="backend.tests.test_iter31_payroll.TestPayrollPdf" name="test_pdf_empty_list_400" time="0.117" /><testcase classname="backend.tests.test_iter31_payroll.TestPayrollPdf" name="test_pdf_unknown_employee_returns_400" time="0.083" /><testcase classname="backend.tests.test_iter31_payroll.TestPayrollRBAC" name="test_no_token_blocked" time="0.165" /><testcase classname="backend.tests.test_iter31_payroll.TestRegression" name="test_health" time="0.098" /><testcase classname="backend.tests.test_iter31_payroll.TestRegression" name="test_equipment_lost_field_still_present" time="0.102" /><testcase classname="backend.tests.test_iter31_payroll.TestRegression" name="test_equipment_list_uses_thumb" time="0.090" /></testsuite></testsuites>