<?xml version="1.0" encoding="utf-8"?><testsuites name="pytest tests"><testsuite name="pytest" errors="0" failures="0" skipped="0" tests="16" time="9.384" timestamp="2026-04-09T21:06:50.571226+00:00" hostname="agent-env-42d22b61-069b-41b3-832b-ef80c04a2ff5"><testcase classname="backend.tests.test_iteration_12.TestForemanRegistration" name="test_foreman_register_new_user" time="0.682" /><testcase classname="backend.tests.test_iteration_12.TestForemanRegistration" name="test_foreman_register_existing_user" time="0.747" /><testcase classname="backend.tests.test_iteration_12.TestPWAAssets" name="test_manifest_json_accessible" time="0.109" /><testcase classname="backend.tests.test_iteration_12.TestPWAAssets" name="test_service_worker_accessible" time="0.126" /><testcase classname="backend.tests.test_iteration_12.TestPenaltyCRUD" name="test_create_penalty" time="0.704" /><testcase classname="backend.tests.test_iteration_12.TestPenaltyCRUD" name="test_create_penalty_with_image" time="0.710" /><testcase classname="backend.tests.test_iteration_12.TestPenaltyCRUD" name="test_get_penalties" time="0.571" /><testcase classname="backend.tests.test_iteration_12.TestPenaltyCRUD" name="test_get_penalties_summary" time="0.582" /><testcase classname="backend.tests.test_iteration_12.TestPenaltyCRUD" name="test_delete_penalty" time="0.917" /><testcase classname="backend.tests.test_iteration_12.TestPenaltyCRUD" name="test_delete_nonexistent_penalty" time="0.585" /><testcase classname="backend.tests.test_iteration_12.TestPublicHoursLink" name="test_public_hours_endpoint" time="0.691" /><testcase classname="backend.tests.test_iteration_12.TestPublicHoursLink" name="test_public_advances_endpoint" time="0.715" /><testcase classname="backend.tests.test_iteration_12.TestPublicHoursLink" name="test_public_penalties_endpoint" time="0.701" /><testcase classname="backend.tests.test_iteration_12.TestPublicHoursLink" name="test_invalid_public_token" time="0.746" /><testcase classname="backend.tests.test_iteration_12.TestAdminLogin" name="test_admin_login_success" time="0.358" /><testcase classname="backend.tests.test_iteration_12.TestAdminLogin" name="test_admin_login_invalid_credentials" time="0.339" /></testsuite></testsuites>