<?xml version="1.0" encoding="utf-8"?><testsuites name="pytest tests"><testsuite name="pytest" errors="0" failures="0" skipped="0" tests="11" time="4.614" timestamp="2026-05-31T06:17:35.053935+00:00" hostname="agent-env-5429f011-1d86-40b9-9e13-4d4f5917bfe7"><testcase classname="backend.tests.test_iter95w_export_header_scope.TestWycenaUpdateScopeFields" name="test_patch_scope_includes_excludes_persists" time="0.799" /><testcase classname="backend.tests.test_iter95w_export_header_scope.TestWycenaUpdateScopeFields" name="test_patch_accepts_empty_scope" time="0.374" /><testcase classname="backend.tests.test_iter95w_export_header_scope.TestClientXlsxExport" name="test_xlsx_header_rows_have_company_data" time="0.473" /><testcase classname="backend.tests.test_iter95w_export_header_scope.TestClientXlsxExport" name="test_xlsx_column_widths" time="0.295" /><testcase classname="backend.tests.test_iter95w_export_header_scope.TestClientXlsxExport" name="test_xlsx_position_name_cell_wraps_text" time="0.294" /><testcase classname="backend.tests.test_iter95w_export_header_scope.TestClientXlsxExport" name="test_xlsx_scope_sections_render_with_bullets" time="0.366" /><testcase classname="backend.tests.test_iter95w_export_header_scope.TestClientXlsxExport" name="test_xlsx_no_scope_sections_when_empty" time="0.354" /><testcase classname="backend.tests.test_iter95w_export_header_scope.TestClientPdfExport" name="test_pdf_header_contains_company_data" time="0.316" /><testcase classname="backend.tests.test_iter95w_export_header_scope.TestClientPdfExport" name="test_pdf_scope_sections_with_bullets" time="0.393" /><testcase classname="backend.tests.test_iter95w_export_header_scope.TestClientPdfExport" name="test_pdf_no_scope_when_empty" time="0.368" /><testcase classname="backend.tests.test_iter95w_export_header_scope.TestClientPdfExport" name="test_pdf_contains_image_object" time="0.306" /></testsuite></testsuites>