<?xml version="1.0" encoding="utf-8"?><testsuites name="pytest tests"><testsuite name="pytest" errors="0" failures="0" skipped="0" tests="6" time="6.991" timestamp="2026-05-06T18:43:57.452386+00:00" hostname="agent-env-5429f011-1d86-40b9-9e13-4d4f5917bfe7"><testcase classname="backend.tests.test_iter22_badges" name="test_health" time="1.291" /><testcase classname="backend.tests.test_iter22_badges" name="test_equipment_orders_pending_have_category" time="0.272" /><testcase classname="backend.tests.test_iter22_badges" name="test_warehouse_orders_listed" time="0.239" /><testcase classname="backend.tests.test_iter22_badges" name="test_equipment_catalog_categories_exist" time="0.823" /><testcase classname="backend.tests.test_iter22_badges" name="test_foreman_impersonation_and_order_submission" time="2.032" /><testcase classname="backend.tests.test_iter22_badges" name="test_reject_then_no_longer_pending" time="2.266" /></testsuite></testsuites>