<?xml version="1.0" encoding="utf-8"?><testsuites name="pytest tests"><testsuite name="pytest" errors="0" failures="0" skipped="0" tests="14" time="4.741" timestamp="2026-04-10T06:00:23.967979+00:00" hostname="agent-env-42d22b61-069b-41b3-832b-ef80c04a2ff5"><testcase classname="backend.tests.test_absence_feature.TestPublicAbsenceEndpoints" name="test_get_absences_by_token" time="0.251" /><testcase classname="backend.tests.test_absence_feature.TestPublicAbsenceEndpoints" name="test_get_absences_invalid_token" time="0.045" /><testcase classname="backend.tests.test_absence_feature.TestPublicAbsenceEndpoints" name="test_create_absence_future_dates" time="0.946" /><testcase classname="backend.tests.test_absence_feature.TestPublicAbsenceEndpoints" name="test_create_absence_today_rejected" time="0.044" /><testcase classname="backend.tests.test_absence_feature.TestPublicAbsenceEndpoints" name="test_create_absence_past_date_rejected" time="0.045" /><testcase classname="backend.tests.test_absence_feature.TestPublicAbsenceEndpoints" name="test_cancel_pending_absence" time="0.811" /><testcase classname="backend.tests.test_absence_feature.TestPublicAbsenceEndpoints" name="test_cancel_nonexistent_absence" time="0.044" /><testcase classname="backend.tests.test_absence_feature.TestAdminAbsenceEndpoints" name="test_get_pending_absences" time="0.433" /><testcase classname="backend.tests.test_absence_feature.TestAdminAbsenceEndpoints" name="test_get_all_absences" time="0.044" /><testcase classname="backend.tests.test_absence_feature.TestAdminAbsenceEndpoints" name="test_approve_absence" time="0.995" /><testcase classname="backend.tests.test_absence_feature.TestAdminAbsenceEndpoints" name="test_reject_absence" time="0.861" /><testcase classname="backend.tests.test_absence_feature.TestAdminAbsenceEndpoints" name="test_review_nonexistent_absence" time="0.046" /><testcase classname="backend.tests.test_absence_feature.TestPublicHoursWithAbsences" name="test_public_hours_returns_data" time="0.046" /><testcase classname="backend.tests.test_absence_feature.TestHolidaysEndpoint" name="test_get_holidays_2026" time="0.044" /></testsuite></testsuites>